<?xml version="1.0" encoding="UTF-8"?>
<testsuite xmlns:xsi="http://www.w3.org/2001/XMLSchema-instance" xsi:noNamespaceSchemaLocation="https://maven.apache.org/surefire/maven-surefire-plugin/xsd/surefire-test-report.xsd" name="com.assistant.health.HealthServiceTest" time="1.236" tests="4" errors="0" skipped="0" failures="0">
  <properties>
    <property name="java.specification.version" value="17"/>
    <property name="sun.cpu.isalist" value="amd64"/>
    <property name="sun.jnu.encoding" value="GBK"/>
    <property name="java.class.path" value="C:\Users\Lenovo\Desktop\personal_assistant\health_module\target\test-classes;C:\Users\Lenovo\Desktop\personal_assistant\health_module\target\classes;E:\jars\org\junit\jupiter\junit-jupiter-api\5.8.2\junit-jupiter-api-5.8.2.jar;E:\jars\org\opentest4j\opentest4j\1.2.0\opentest4j-1.2.0.jar;E:\jars\org\junit\platform\junit-platform-commons\1.8.2\junit-platform-commons-1.8.2.jar;E:\jars\org\apiguardian\apiguardian-api\1.1.2\apiguardian-api-1.1.2.jar;E:\jars\org\junit\jupiter\junit-jupiter-engine\5.8.2\junit-jupiter-engine-5.8.2.jar;E:\jars\org\junit\platform\junit-platform-engine\1.8.2\junit-platform-engine-1.8.2.jar;E:\jars\org\mockito\mockito-core\4.5.1\mockito-core-4.5.1.jar;E:\jars\net\bytebuddy\byte-buddy\1.12.9\byte-buddy-1.12.9.jar;E:\jars\net\bytebuddy\byte-buddy-agent\1.12.9\byte-buddy-agent-1.12.9.jar;E:\jars\org\objenesis\objenesis\3.2\objenesis-3.2.jar;E:\jars\org\mockito\mockito-junit-jupiter\4.5.1\mockito-junit-jupiter-4.5.1.jar;"/>
    <property name="java.vm.vendor" value="Oracle Corporation"/>
    <property name="sun.arch.data.model" value="64"/>
    <property name="user.variant" value=""/>
    <property name="java.vendor.url" value="https://java.oracle.com/"/>
    <property name="user.timezone" value="Asia/Shanghai"/>
    <property name="os.name" value="Windows 11"/>
    <property name="java.vm.specification.version" value="17"/>
    <property name="sun.java.launcher" value="SUN_STANDARD"/>
    <property name="user.country" value="CN"/>
    <property name="sun.boot.library.path" value="E:\Java\jdk-17\bin"/>
    <property name="sun.java.command" value="C:\Users\Lenovo\AppData\Local\Temp\surefire17717757026959939432\surefirebooter15649199893284856253.jar C:\Users\Lenovo\AppData\Local\Temp\surefire17717757026959939432 2025-07-07T19-51-01_585-jvmRun1 surefire3825124573667148825tmp surefire_010128673454163907535tmp"/>
    <property name="jdk.debug" value="release"/>
    <property name="surefire.test.class.path" value="C:\Users\Lenovo\Desktop\personal_assistant\health_module\target\test-classes;C:\Users\Lenovo\Desktop\personal_assistant\health_module\target\classes;E:\jars\org\junit\jupiter\junit-jupiter-api\5.8.2\junit-jupiter-api-5.8.2.jar;E:\jars\org\opentest4j\opentest4j\1.2.0\opentest4j-1.2.0.jar;E:\jars\org\junit\platform\junit-platform-commons\1.8.2\junit-platform-commons-1.8.2.jar;E:\jars\org\apiguardian\apiguardian-api\1.1.2\apiguardian-api-1.1.2.jar;E:\jars\org\junit\jupiter\junit-jupiter-engine\5.8.2\junit-jupiter-engine-5.8.2.jar;E:\jars\org\junit\platform\junit-platform-engine\1.8.2\junit-platform-engine-1.8.2.jar;E:\jars\org\mockito\mockito-core\4.5.1\mockito-core-4.5.1.jar;E:\jars\net\bytebuddy\byte-buddy\1.12.9\byte-buddy-1.12.9.jar;E:\jars\net\bytebuddy\byte-buddy-agent\1.12.9\byte-buddy-agent-1.12.9.jar;E:\jars\org\objenesis\objenesis\3.2\objenesis-3.2.jar;E:\jars\org\mockito\mockito-junit-jupiter\4.5.1\mockito-junit-jupiter-4.5.1.jar;"/>
    <property name="sun.cpu.endian" value="little"/>
    <property name="user.home" value="C:\Users\Lenovo"/>
    <property name="user.language" value="zh"/>
    <property name="java.specification.vendor" value="Oracle Corporation"/>
    <property name="java.version.date" value="2024-01-16"/>
    <property name="java.home" value="E:\Java\jdk-17"/>
    <property name="file.separator" value="\"/>
    <property name="basedir" value="C:\Users\Lenovo\Desktop\personal_assistant\health_module"/>
    <property name="java.vm.compressedOopsMode" value="Zero based"/>
    <property name="line.separator" value="&#10;"/>
    <property name="java.vm.specification.vendor" value="Oracle Corporation"/>
    <property name="java.specification.name" value="Java Platform API Specification"/>
    <property name="surefire.real.class.path" value="C:\Users\Lenovo\AppData\Local\Temp\surefire17717757026959939432\surefirebooter15649199893284856253.jar"/>
    <property name="user.script" value=""/>
    <property name="sun.management.compiler" value="HotSpot 64-Bit Tiered Compilers"/>
    <property name="java.runtime.version" value="17.0.10+11-LTS-240"/>
    <property name="user.name" value="Lenovo"/>
    <property name="path.separator" value=";"/>
    <property name="os.version" value="10.0"/>
    <property name="java.runtime.name" value="Java(TM) SE Runtime Environment"/>
    <property name="file.encoding" value="GBK"/>
    <property name="java.vm.name" value="Java HotSpot(TM) 64-Bit Server VM"/>
    <property name="localRepository" value="E:\jars"/>
    <property name="java.vendor.url.bug" value="https://bugreport.java.com/bugreport/"/>
    <property name="java.io.tmpdir" value="C:\Users\Lenovo\AppData\Local\Temp\"/>
    <property name="java.version" value="17.0.10"/>
    <property name="user.dir" value="C:\Users\Lenovo\Desktop\personal_assistant\health_module"/>
    <property name="os.arch" value="amd64"/>
    <property name="java.vm.specification.name" value="Java Virtual Machine Specification"/>
    <property name="sun.os.patch.level" value=""/>
    <property name="native.encoding" value="GBK"/>
    <property name="java.library.path" value="E:\Java\jdk-17\bin;C:\WINDOWS\Sun\Java\bin;C:\WINDOWS\system32;C:\WINDOWS;F:\VMwareTools\VMware\bin\;E:\Java\jdk-17\bin;C:\Program Files\Common Files\Oracle\Java\javapath;C:\Windows\system32;C:\Windows;C:\Windows\System32\Wbem;C:\Windows\System32\WindowsPowerShell\v1.0\;C:\Windows\System32\OpenSSH\;C:\Program Files (x86)\NVIDIA Corporation\PhysX\Common;C:\Program Files\NVIDIA Corporation\NVIDIA NvDLISR;C:\WINDOWS\system32;C:\WINDOWS;C:\WINDOWS\System32\Wbem;C:\WINDOWS\System32\WindowsPowerShell\v1.0\;C:\WINDOWS\System32\OpenSSH\;E:\apache-maven-3.8.8\bin;E:\javafx-sdk-21.0.2\bin;F:\MATLAB\R2023b\runtime\win64;F:\MATLAB\R2023b\bin;C:\Program Files\Docker\Docker\resources\bin;C:\Program Files\dotnet\;C:\Program Files\Common Files\Autodesk Shared\;C:\Program Files\MySQL\MySQL Utilities 1.6\;e:\cursor\cursor\resources\app\bin;%NVM_HOME%;%NVM_SYMLINK%;E:\Git\cmd;C:\Users\Lenovo\.pyenv\pyenv-win\bin;C:\Users\Lenovo\.pyenv\pyenv-win\shims;C:\Users\Lenovo\AppData\Local\Programs\Python\Python311\Scripts\;C:\Users\Lenovo\AppData\Local\Programs\Python\Python311\;C:\Users\Lenovo\AppData\Local\Microsoft\WindowsApps;E:\PyCharm 2023.3.2\bin;E:\CLion 2024.2.2\bin;F:\texlive\2024\bin\windows;Microsoft VS Code\bin;C:\Users\Lenovo\AppData\Local\JetBrains\Toolbox\scripts;C:\Users\Lenovo\AppData\Local\Microsoft\WindowsApps;C:\Users\Lenovo\AppData\Local\Microsoft\WinGet\Packages\Schniz.fnm_Microsoft.Winget.Source_8wekyb3d8bbwe;E:\cursor\cursor\resources\app\bin;D:\nvm;C:\nvm4w\nodejs;D:\Microsoft VS Code\bin;C:\Users\Lenovo\AppData\Local\GitHubDesktop\bin;C:\Users\Lenovo\AppData\Local\Programs\Ollama;."/>
    <property name="java.vm.info" value="mixed mode, sharing"/>
    <property name="java.vendor" value="Oracle Corporation"/>
    <property name="java.vm.version" value="17.0.10+11-LTS-240"/>
    <property name="sun.io.unicode.encoding" value="UnicodeLittle"/>
    <property name="java.class.version" value="61.0"/>
  </properties>
  <testcase name="addRecord_successWhenHabitIsValidAndNotPunched" classname="com.assistant.health.HealthServiceTest" time="1.173"/>
  <testcase name="addRecord_throwsExceptionWhenHabitIsInvalid" classname="com.assistant.health.HealthServiceTest" time="0.003"/>
  <testcase name="addRecord_throwsExceptionWhenHabitAlreadyPunchedToday" classname="com.assistant.health.HealthServiceTest" time="0.003"/>
  <testcase name="getRecordsGroupedByDate_returnsCorrectlyGroupedMap" classname="com.assistant.health.HealthServiceTest" time="0.004"/>
</testsuite>